[2024-05-26 10:21:47,040: INFO: main: Welcome to our custom log]
[2024-05-26 12:39:36,501: INFO: common: yaml file: config\config.yaml loaded successfully]
[2024-05-26 12:40:12,948: INFO: common: yaml file: config\config.yaml loaded successfully]
[2024-05-26 12:42:37,112: INFO: common: yaml file: config\config.yaml loaded successfully]
[2024-05-26 12:42:37,119: INFO: common: yaml file: params.yaml loaded successfully]
[2024-05-26 12:42:37,123: INFO: common: created directory at: artifacts]
[2024-05-26 12:42:37,123: INFO: common: created directory at: artifacts/data_ingestion]
[2024-05-26 12:42:37,127: INFO: 986331348: Downloading data from https://drive.google.com/file/d/1RSTww1kowXf31OQ0aTR9CyPnxqeJiU1p/view?usp=sharing into file artifacts/data_ingestion/Kidney_Data.zip]
[2024-05-26 12:44:43,744: INFO: 986331348: Downloaded data from https://drive.google.com/file/d/1RSTww1kowXf31OQ0aTR9CyPnxqeJiU1p/view?usp=sharing into file artifacts/data_ingestion/Kidney_Data.zip]
[2024-05-26 13:10:21,044: INFO: main: >>>>>> stage Data Ingestion stage started <<<<<<]
[2024-05-26 13:10:21,044: ERROR: main: name 'DataIngestionTrainingPipeline' is not defined]
Traceback (most recent call last):
  File "main.py", line 8, in <module>
    obj = DataIngestionTrainingPipeline()
NameError: name 'DataIngestionTrainingPipeline' is not defined
[2024-05-26 13:12:38,972: INFO: main: >>>>>> stage Data Ingestion stage started <<<<<<]
[2024-05-26 13:12:38,972: ERROR: main: name 'DataIngestionTrainingPipeline' is not defined]
Traceback (most recent call last):
  File "main.py", line 7, in <module>
    data_ingestion = DataIngestionTrainingPipeline()
NameError: name 'DataIngestionTrainingPipeline' is not defined
[2024-05-26 13:36:04,806: INFO: common: yaml file: config\config.yaml loaded successfully]
[2024-05-26 13:36:04,810: INFO: common: yaml file: params.yaml loaded successfully]
[2024-05-26 13:36:04,813: INFO: common: created directory at: artifacts]
[2024-05-26 13:36:04,815: INFO: common: created directory at: artifacts/data_ingestion]
[2024-05-26 13:36:18,720: INFO: common: yaml file: config\config.yaml loaded successfully]
[2024-05-26 13:36:18,724: INFO: common: yaml file: params.yaml loaded successfully]
[2024-05-26 13:36:18,726: INFO: common: created directory at: artifacts]
[2024-05-26 13:36:18,729: INFO: common: created directory at: artifacts/data_ingestion]
[2024-05-26 14:43:18,256: INFO: common: yaml file: config\config.yaml loaded successfully]
[2024-05-26 14:43:18,263: INFO: common: yaml file: params.yaml loaded successfully]
[2024-05-26 14:43:18,340: INFO: common: created directory at: artifacts]
[2024-05-26 14:43:18,342: INFO: common: created directory at: artifacts/prepare_base_model]
[2024-05-26 14:43:30,849: WARNING: saving_utils: Compiled the loaded model, but the compiled metrics have yet to be built. `model.compile_metrics` will be empty until you train or evaluate the model.]
[2024-05-26 16:35:44,213: INFO: common: yaml file: config\config.yaml loaded successfully]
[2024-05-26 16:35:44,233: INFO: common: yaml file: params.yaml loaded successfully]
[2024-05-26 16:35:44,233: INFO: common: created directory at: artifacts]
[2024-05-26 16:35:44,240: INFO: common: created directory at: artifacts/data_ingestion]
[2024-05-26 16:35:44,243: INFO: 986331348: Downloading data from https://drive.google.com/file/d/1RSTww1kowXf31OQ0aTR9CyPnxqeJiU1p/view into file artifacts/data_ingestion/Kidney_Data.zip]
[2024-05-26 16:39:45,478: INFO: 986331348: Downloaded data from https://drive.google.com/file/d/1RSTww1kowXf31OQ0aTR9CyPnxqeJiU1p/view into file artifacts/data_ingestion/Kidney_Data.zip]
[2024-05-26 16:48:49,798: INFO: main: >>>>>> stage Data Ingestion stage started <<<<<<]
[2024-05-26 16:48:49,803: INFO: common: yaml file: config\config.yaml loaded successfully]
[2024-05-26 16:48:49,808: INFO: common: yaml file: params.yaml loaded successfully]
[2024-05-26 16:48:49,808: INFO: common: created directory at: artifacts]
[2024-05-26 16:48:49,808: INFO: common: created directory at: artifacts/data_ingestion]
[2024-05-26 16:48:49,813: INFO: data_ingestion: Downloading data from https://drive.google.com/file/d/1RSTww1kowXf31OQ0aTR9CyPnxqeJiU1p/view into file artifacts/data_ingestion/Kidney_Data.zip]
[2024-05-26 16:51:41,914: INFO: data_ingestion: Downloaded data from https://drive.google.com/file/d/1RSTww1kowXf31OQ0aTR9CyPnxqeJiU1p/view into file artifacts/data_ingestion/Kidney_Data.zip]
[2024-05-26 16:52:11,868: INFO: main: >>>>>> stage Data Ingestion stage completed <<<<<<

x==========x]
[2024-05-26 16:52:11,868: INFO: main: ********************]
[2024-05-26 16:52:11,873: INFO: main: >>>>>> stage Prepare base model started <<<<<<]
[2024-05-26 16:52:11,883: INFO: common: yaml file: config\config.yaml loaded successfully]
[2024-05-26 16:52:11,888: INFO: common: yaml file: params.yaml loaded successfully]
[2024-05-26 16:52:11,888: INFO: common: created directory at: artifacts]
[2024-05-26 16:52:11,893: INFO: common: created directory at: artifacts/prepare_base_model]
[2024-05-26 16:52:17,795: WARNING: saving_utils: Compiled the loaded model, but the compiled metrics have yet to be built. `model.compile_metrics` will be empty until you train or evaluate the model.]
[2024-05-26 16:52:19,038: INFO: main: >>>>>> stage Prepare base model completed <<<<<<

x============x]
[2024-05-26 16:56:26,048: INFO: common: yaml file: config\config.yaml loaded successfully]
[2024-05-26 16:56:26,058: INFO: common: yaml file: params.yaml loaded successfully]
[2024-05-26 16:56:26,058: INFO: common: created directory at: artifacts]
[2024-05-26 16:57:30,868: INFO: common: yaml file: config\config.yaml loaded successfully]
[2024-05-26 16:57:30,874: INFO: common: yaml file: params.yaml loaded successfully]
[2024-05-26 16:57:30,878: INFO: common: created directory at: artifacts]
[2024-05-26 16:57:30,881: INFO: common: created directory at: artifacts\training]
[2024-05-26 17:04:06,034: INFO: common: yaml file: config\config.yaml loaded successfully]
[2024-05-26 17:04:06,041: INFO: common: yaml file: params.yaml loaded successfully]
[2024-05-26 17:04:06,044: INFO: common: created directory at: artifacts]
[2024-05-26 17:04:06,046: INFO: common: created directory at: artifacts\training]
[2024-05-26 17:39:00,760: ERROR: 2492424462: File not found: c:\Users\Hp\config\config.yaml]
[2024-05-26 17:39:12,825: ERROR: 2492424462: File not found: c:\Users\Hp\config\config.yaml]
[2024-05-26 17:39:12,828: ERROR: 2619149510: [Errno 2] No such file or directory: 'c:\\Users\\Hp\\config\\config.yaml']
[2024-05-26 17:39:16,327: ERROR: 2492424462: File not found: c:\Users\Hp\config\config.yaml]
[2024-05-26 17:39:16,328: ERROR: 2619149510: [Errno 2] No such file or directory: 'c:\\Users\\Hp\\config\\config.yaml']
[2024-05-27 09:13:25,264: INFO: common: yaml file: config\config.yaml loaded successfully]
[2024-05-27 09:13:25,311: INFO: common: yaml file: params.yaml loaded successfully]
[2024-05-27 09:13:25,313: INFO: common: created directory at: artifacts]
[2024-05-27 09:13:25,317: INFO: common: created directory at: artifacts\training]
[2024-05-27 09:52:43,260: INFO: common: yaml file: config\config.yaml loaded successfully]
[2024-05-27 09:52:43,270: INFO: common: yaml file: params.yaml loaded successfully]
[2024-05-27 09:52:43,270: INFO: common: created directory at: artifacts]
[2024-05-27 09:52:43,275: INFO: common: created directory at: artifacts\training]
[2024-05-27 10:03:42,359: INFO: common: yaml file: config\config.yaml loaded successfully]
[2024-05-27 10:03:42,369: INFO: common: yaml file: params.yaml loaded successfully]
[2024-05-27 10:03:42,372: INFO: common: created directory at: artifacts]
[2024-05-27 10:03:42,376: INFO: common: created directory at: artifacts\training]
[2024-05-28 07:57:56,421: INFO: main: >>>>>> stage Data Ingestion stage started <<<<<<]
[2024-05-28 07:57:56,441: INFO: common: yaml file: config\config.yaml loaded successfully]
[2024-05-28 07:57:56,451: INFO: common: yaml file: params.yaml loaded successfully]
[2024-05-28 07:57:56,451: INFO: common: created directory at: artifacts]
[2024-05-28 07:57:56,451: INFO: common: created directory at: artifacts/data_ingestion]
[2024-05-28 07:57:56,456: INFO: data_ingestion: Downloading data from https://drive.google.com/file/d/1RSTww1kowXf31OQ0aTR9CyPnxqeJiU1p/view into file artifacts/data_ingestion/Kidney_Data.zip]
[2024-05-28 07:59:40,787: INFO: data_ingestion: Downloaded data from https://drive.google.com/file/d/1RSTww1kowXf31OQ0aTR9CyPnxqeJiU1p/view into file artifacts/data_ingestion/Kidney_Data.zip]
[2024-05-28 08:00:01,251: INFO: main: >>>>>> stage Data Ingestion stage completed <<<<<<

x==========x]
[2024-05-28 08:00:01,251: INFO: main: ********************]
[2024-05-28 08:00:01,256: INFO: main: >>>>>> stage Prepare base model started <<<<<<]
[2024-05-28 08:00:01,256: INFO: common: yaml file: config\config.yaml loaded successfully]
[2024-05-28 08:00:01,261: INFO: common: yaml file: params.yaml loaded successfully]
[2024-05-28 08:00:01,261: INFO: common: created directory at: artifacts]
[2024-05-28 08:00:01,261: INFO: common: created directory at: artifacts/prepare_base_model]
[2024-05-28 08:00:10,801: WARNING: saving_utils: Compiled the loaded model, but the compiled metrics have yet to be built. `model.compile_metrics` will be empty until you train or evaluate the model.]
[2024-05-28 08:00:12,041: INFO: main: >>>>>> stage Prepare base model completed <<<<<<

x============x]
[2024-05-28 08:00:12,041: INFO: main: *******************]
[2024-05-28 08:00:12,046: INFO: main: >>>>>> stage Training started <<<<<<]
[2024-05-28 08:00:12,046: INFO: common: yaml file: config\config.yaml loaded successfully]
[2024-05-28 08:00:12,051: INFO: common: yaml file: params.yaml loaded successfully]
[2024-05-28 08:00:12,051: INFO: common: created directory at: artifacts]
[2024-05-28 08:00:12,051: INFO: common: created directory at: artifacts\training]
